2023-08-11 15:26:53:434 grammar LogManager.java:25 before: (LEXER_GRAMMAR Lex (RULES (RULE STRINGS (BLOCK (ALT 'String'))) (RULE INTS (BLOCK (ALT 'Int'))) (RULE FLOATS (BLOCK (ALT 'Float'))) (RULE BOOLS (BLOCK (ALT 'Bool'))) (RULE CHARACTERS (BLOCK (ALT 'Character'))) (RULE VAR (BLOCK (ALT 'var'))) (RULE NIL (BLOCK (ALT 'nil'))) (RULE TRUE (BLOCK (ALT 'true'))) (RULE FALSE (BLOCK (ALT 'false'))) (RULE PRINT (BLOCK (ALT 'print'))) (RULE IF (BLOCK (ALT 'if'))) (RULE ELSE (BLOCK (ALT 'else'))) (RULE WHILE (BLOCK (ALT 'while'))) (RULE LET (BLOCK (ALT 'let'))) (RULE NUMBER (BLOCK (ALT (+ (BLOCK (ALT [0-9]))) (? (BLOCK (ALT '.' (+ (BLOCK (ALT [0-9]))))))))) (RULE STRING (BLOCK (ALT '"' (* (BLOCK (ALT (~ (SET ["]))))) '"'))) (RULE ID (BLOCK (ALT (BLOCK (ALT [a-zA-Z])) (* (BLOCK (ALT [a-zA-Z0-9_])))))) (RULE DIF (BLOCK (ALT '!='))) (RULE IG_IG (BLOCK (ALT '=='))) (RULE NOT (BLOCK (ALT '!'))) (RULE OR (BLOCK (ALT '||'))) (RULE AND (BLOCK (ALT '&&'))) (RULE IG (BLOCK (ALT '='))) (RULE MAY_IG (BLOCK (ALT '>='))) (RULE MEN_IG (BLOCK (ALT '<='))) (RULE MAYOR (BLOCK (ALT '>'))) (RULE MENOR (BLOCK (ALT '<'))) (RULE MUL (BLOCK (ALT '*'))) (RULE DIV (BLOCK (ALT '/'))) (RULE ADD (BLOCK (ALT '+'))) (RULE SUB (BLOCK (ALT '-'))) (RULE PERCENT (BLOCK (ALT '%'))) (RULE PARIZQ (BLOCK (ALT '('))) (RULE PARDER (BLOCK (ALT ')'))) (RULE LLAVEIZQ (BLOCK (ALT '{'))) (RULE LLAVEDER (BLOCK (ALT '}'))) (RULE DOUBLEPTS (BLOCK (ALT ':'))) (RULE QUESTION (BLOCK (ALT '?'))) (RULE WHITESPACE (BLOCK (LEXER_ALT_ACTION (ALT (+ (BLOCK (ALT [ \\\r\n\t])))) skip))) (RULE COMMENT (BLOCK (LEXER_ALT_ACTION (ALT '/*' (* (BLOCK (ALT .))) '*/') skip))) (RULE LINE_COMMENT (BLOCK (LEXER_ALT_ACTION (ALT '//' (* (BLOCK (ALT (~ (SET [\r\n])))))) skip))) (RULE ESC_SEQ (RULEMODIFIERS fragment) (BLOCK (ALT '\\' (BLOCK (ALT '\\') (ALT '@') (ALT '[') (ALT ']') (ALT '.') (ALT '#') (ALT '+') (ALT '-') (ALT '!') (ALT ':') (ALT ' ')))))))
2023-08-11 15:26:53:450 grammar LogManager.java:25 after: (LEXER_GRAMMAR Lex (RULES (RULE STRINGS (BLOCK (ALT 'String'))) (RULE INTS (BLOCK (ALT 'Int'))) (RULE FLOATS (BLOCK (ALT 'Float'))) (RULE BOOLS (BLOCK (ALT 'Bool'))) (RULE CHARACTERS (BLOCK (ALT 'Character'))) (RULE VAR (BLOCK (ALT 'var'))) (RULE NIL (BLOCK (ALT 'nil'))) (RULE TRUE (BLOCK (ALT 'true'))) (RULE FALSE (BLOCK (ALT 'false'))) (RULE PRINT (BLOCK (ALT 'print'))) (RULE IF (BLOCK (ALT 'if'))) (RULE ELSE (BLOCK (ALT 'else'))) (RULE WHILE (BLOCK (ALT 'while'))) (RULE LET (BLOCK (ALT 'let'))) (RULE NUMBER (BLOCK (ALT (+ (BLOCK (ALT [0-9]))) (? (BLOCK (ALT '.' (+ (BLOCK (ALT [0-9]))))))))) (RULE STRING (BLOCK (ALT '"' (* (BLOCK (ALT (~ (SET ["]))))) '"'))) (RULE ID (BLOCK (ALT (BLOCK (ALT [a-zA-Z])) (* (BLOCK (ALT [a-zA-Z0-9_])))))) (RULE DIF (BLOCK (ALT '!='))) (RULE IG_IG (BLOCK (ALT '=='))) (RULE NOT (BLOCK (ALT '!'))) (RULE OR (BLOCK (ALT '||'))) (RULE AND (BLOCK (ALT '&&'))) (RULE IG (BLOCK (ALT '='))) (RULE MAY_IG (BLOCK (ALT '>='))) (RULE MEN_IG (BLOCK (ALT '<='))) (RULE MAYOR (BLOCK (ALT '>'))) (RULE MENOR (BLOCK (ALT '<'))) (RULE MUL (BLOCK (ALT '*'))) (RULE DIV (BLOCK (ALT '/'))) (RULE ADD (BLOCK (ALT '+'))) (RULE SUB (BLOCK (ALT '-'))) (RULE PERCENT (BLOCK (ALT '%'))) (RULE PARIZQ (BLOCK (ALT '('))) (RULE PARDER (BLOCK (ALT ')'))) (RULE LLAVEIZQ (BLOCK (ALT '{'))) (RULE LLAVEDER (BLOCK (ALT '}'))) (RULE DOUBLEPTS (BLOCK (ALT ':'))) (RULE QUESTION (BLOCK (ALT '?'))) (RULE WHITESPACE (BLOCK (LEXER_ALT_ACTION (ALT (+ (BLOCK (ALT [ \\\r\n\t])))) skip))) (RULE COMMENT (BLOCK (LEXER_ALT_ACTION (ALT '/*' (* (BLOCK (ALT .))) '*/') skip))) (RULE LINE_COMMENT (BLOCK (LEXER_ALT_ACTION (ALT '//' (* (BLOCK (ALT (~ (SET [\r\n])))))) skip))) (RULE ESC_SEQ (RULEMODIFIERS fragment) (BLOCK (ALT '\\' (SET '\\' '@' '[' ']' '.' '#' '+' '-' '!' ':' ' '))))))
2023-08-11 15:26:53:860 grammar LogManager.java:25 before: (COMBINED_GRAMMAR Grammar (OPTIONS (= tokenVocab Lex)) (@ header {
    import "Server/Interfaces"
    import "Server/Environment"
    import "Server/Expression"
    import "Server/Instruction"
    import "strings"
}) (RULES (RULE s (returns []interface{} code) (BLOCK (ALT block EOF {   
        $code = $block.blk
    }))) (RULE block (returns []interface{} blk) (@ init {
    $blk = []interface{}{}
    var listInt []IInstructionContext
  }) (BLOCK (ALT (+ (BLOCK (ALT (+= ins instruction)))) {
        listInt = localctx.(*BlockContext).GetIns()
        for _, e := range listInt {
            $blk = append($blk, e.GetInst())
        }
    }))) (RULE instruction (returns interfaces.Instruction inst) (BLOCK (ALT printstmt { $inst = $printstmt.prnt}) (ALT ifstmt { }))) (RULE printstmt (returns interfaces.Instruction prnt) (BLOCK (ALT PRINT PARIZQ expr PARDER { $prnt = instructions.NewPrint($PRINT.line,$PRINT.pos,$expr.e)}))) (RULE declarestmt (BLOCK (ALT VAR ID DOUBLEPTS type IG expr) (ALT VAR ID IG expr) (ALT VAR ID DOUBLEPTS type QUESTION))) (RULE constantstmt (BLOCK (ALT LET ID DOUBLEPTS type IG expr) (ALT LET ID IG expr))) (RULE ifstmt (BLOCK (ALT IF PARIZQ expr PARDER LLAVEIZQ block LLAVEDER))) (RULE expr (returns interfaces.Expression e) (BLOCK (ALT (= left expr) (= op (BLOCK (ALT MUL) (ALT DIV))) (= right expr) { $e = expressions.NewOperation($left.start.GetLine(), $left.start.GetColumn(), $left.e, $op.text, $right.e) }) (ALT (= left expr) (= op (BLOCK (ALT ADD) (ALT SUB) (ALT PERCENT))) (= right expr) { $e = expressions.NewOperation($left.start.GetLine(), $left.start.GetColumn(), $left.e, $op.text, $right.e) }) (ALT (= left expr) (= op (BLOCK (ALT MAY_IG) (ALT MAYOR))) (= right expr) { $e = expressions.NewOperation($left.start.GetLine(), $left.start.GetColumn(), $left.e, $op.text, $right.e) }) (ALT (= left expr) (= op (BLOCK (ALT MEN_IG) (ALT MENOR))) (= right expr) { $e = expressions.NewOperation($left.start.GetLine(), $left.start.GetColumn(), $left.e, $op.text, $right.e) }) (ALT (= left expr) (= op (BLOCK (ALT IG_IG) (ALT DIF))) (= right expr) { $e = expressions.NewOperation($left.start.GetLine(), $left.start.GetColumn(), $left.e, $op.text, $right.e) }) (ALT (= left expr) (= op (BLOCK (ALT AND))) (= right expr) { $e = expressions.NewOperation($left.start.GetLine(), $left.start.GetColumn(), $left.e, $op.text, $right.e) }) (ALT (= left expr) (= op (BLOCK (ALT OR))) (= right expr) { $e = expressions.NewOperation($left.start.GetLine(), $left.start.GetColumn(), $left.e, $op.text, $right.e) }) (ALT NOT (= left expr)) (ALT PARIZQ expr PARDER { $e = $expr.e }) (ALT NUMBER {
        if (strings.Contains($NUMBER.text,".")){
            num,err := strconv.ParseFloat($NUMBER.text, 64);
            if err!= nil{
                fmt.Println(err)
            }
            $e = expressions.NewPrimitive($NUMBER.line,$NUMBER.pos,num,environment.FLOAT)
        }else{
            num,err := strconv.Atoi($NUMBER.text)
            if err!= nil{
                fmt.Println(err)
            }
            $e = expressions.NewPrimitive($NUMBER.line,$NUMBER.pos,num,environment.INTEGER)
        }
    }) (ALT STRING {
        str := $STRING.text
        $e = expressions.NewPrimitive($STRING.line, $STRING.pos, str[1:len(str)-1],environment.STRING)
    }) (ALT TRUE { $e = expressions.NewPrimitive($TRUE.line, $TRUE.pos, true, environment.BOOLEAN) }) (ALT FALSE { $e = expressions.NewPrimitive($FALSE.line, $FALSE.pos, false, environment.BOOLEAN) }))) (RULE type (BLOCK (ALT STRINGS) (ALT INTS) (ALT FLOATS) (ALT BOOLS) (ALT CHARACTERS)))))
2023-08-11 15:26:53:865 grammar LogManager.java:25 after: (COMBINED_GRAMMAR Grammar (OPTIONS (= tokenVocab Lex)) (@ header {
    import "Server/Interfaces"
    import "Server/Environment"
    import "Server/Expression"
    import "Server/Instruction"
    import "strings"
}) (RULES (RULE s (returns []interface{} code) (BLOCK (ALT block EOF {   
        $code = $block.blk
    }))) (RULE block (returns []interface{} blk) (@ init {
    $blk = []interface{}{}
    var listInt []IInstructionContext
  }) (BLOCK (ALT (+ (BLOCK (ALT (+= ins instruction)))) {
        listInt = localctx.(*BlockContext).GetIns()
        for _, e := range listInt {
            $blk = append($blk, e.GetInst())
        }
    }))) (RULE instruction (returns interfaces.Instruction inst) (BLOCK (ALT printstmt { $inst = $printstmt.prnt}) (ALT ifstmt { }))) (RULE printstmt (returns interfaces.Instruction prnt) (BLOCK (ALT PRINT PARIZQ expr PARDER { $prnt = instructions.NewPrint($PRINT.line,$PRINT.pos,$expr.e)}))) (RULE declarestmt (BLOCK (ALT VAR ID DOUBLEPTS type IG expr) (ALT VAR ID IG expr) (ALT VAR ID DOUBLEPTS type QUESTION))) (RULE constantstmt (BLOCK (ALT LET ID DOUBLEPTS type IG expr) (ALT LET ID IG expr))) (RULE ifstmt (BLOCK (ALT IF PARIZQ expr PARDER LLAVEIZQ block LLAVEDER))) (RULE expr (returns interfaces.Expression e) (BLOCK (ALT (= left expr) (= op (SET MUL DIV)) (= right expr) { $e = expressions.NewOperation($left.start.GetLine(), $left.start.GetColumn(), $left.e, $op.text, $right.e) }) (ALT (= left expr) (= op (SET ADD SUB PERCENT)) (= right expr) { $e = expressions.NewOperation($left.start.GetLine(), $left.start.GetColumn(), $left.e, $op.text, $right.e) }) (ALT (= left expr) (= op (SET MAY_IG MAYOR)) (= right expr) { $e = expressions.NewOperation($left.start.GetLine(), $left.start.GetColumn(), $left.e, $op.text, $right.e) }) (ALT (= left expr) (= op (SET MEN_IG MENOR)) (= right expr) { $e = expressions.NewOperation($left.start.GetLine(), $left.start.GetColumn(), $left.e, $op.text, $right.e) }) (ALT (= left expr) (= op (SET IG_IG DIF)) (= right expr) { $e = expressions.NewOperation($left.start.GetLine(), $left.start.GetColumn(), $left.e, $op.text, $right.e) }) (ALT (= left expr) (= op (BLOCK (ALT AND))) (= right expr) { $e = expressions.NewOperation($left.start.GetLine(), $left.start.GetColumn(), $left.e, $op.text, $right.e) }) (ALT (= left expr) (= op (BLOCK (ALT OR))) (= right expr) { $e = expressions.NewOperation($left.start.GetLine(), $left.start.GetColumn(), $left.e, $op.text, $right.e) }) (ALT NOT (= left expr)) (ALT PARIZQ expr PARDER { $e = $expr.e }) (ALT NUMBER {
        if (strings.Contains($NUMBER.text,".")){
            num,err := strconv.ParseFloat($NUMBER.text, 64);
            if err!= nil{
                fmt.Println(err)
            }
            $e = expressions.NewPrimitive($NUMBER.line,$NUMBER.pos,num,environment.FLOAT)
        }else{
            num,err := strconv.Atoi($NUMBER.text)
            if err!= nil{
                fmt.Println(err)
            }
            $e = expressions.NewPrimitive($NUMBER.line,$NUMBER.pos,num,environment.INTEGER)
        }
    }) (ALT STRING {
        str := $STRING.text
        $e = expressions.NewPrimitive($STRING.line, $STRING.pos, str[1:len(str)-1],environment.STRING)
    }) (ALT TRUE { $e = expressions.NewPrimitive($TRUE.line, $TRUE.pos, true, environment.BOOLEAN) }) (ALT FALSE { $e = expressions.NewPrimitive($FALSE.line, $FALSE.pos, false, environment.BOOLEAN) }))) (RULE type (BLOCK (ALT (SET STRINGS INTS FLOATS BOOLS CHARACTERS))))))
2023-08-11 15:26:53:865 grammar LogManager.java:25 after extract implicit lexer =(COMBINED_GRAMMAR Grammar (OPTIONS (= tokenVocab Lex)) (@ header {
    import "Server/Interfaces"
    import "Server/Environment"
    import "Server/Expression"
    import "Server/Instruction"
    import "strings"
}) (RULES (RULE s (returns []interface{} code) (BLOCK (ALT block EOF {   
        $code = $block.blk
    }))) (RULE block (returns []interface{} blk) (@ init {
    $blk = []interface{}{}
    var listInt []IInstructionContext
  }) (BLOCK (ALT (+ (BLOCK (ALT (+= ins instruction)))) {
        listInt = localctx.(*BlockContext).GetIns()
        for _, e := range listInt {
            $blk = append($blk, e.GetInst())
        }
    }))) (RULE instruction (returns interfaces.Instruction inst) (BLOCK (ALT printstmt { $inst = $printstmt.prnt}) (ALT ifstmt { }))) (RULE printstmt (returns interfaces.Instruction prnt) (BLOCK (ALT PRINT PARIZQ expr PARDER { $prnt = instructions.NewPrint($PRINT.line,$PRINT.pos,$expr.e)}))) (RULE declarestmt (BLOCK (ALT VAR ID DOUBLEPTS type IG expr) (ALT VAR ID IG expr) (ALT VAR ID DOUBLEPTS type QUESTION))) (RULE constantstmt (BLOCK (ALT LET ID DOUBLEPTS type IG expr) (ALT LET ID IG expr))) (RULE ifstmt (BLOCK (ALT IF PARIZQ expr PARDER LLAVEIZQ block LLAVEDER))) (RULE expr (returns interfaces.Expression e) (BLOCK (ALT (= left expr) (= op (SET MUL DIV)) (= right expr) { $e = expressions.NewOperation($left.start.GetLine(), $left.start.GetColumn(), $left.e, $op.text, $right.e) }) (ALT (= left expr) (= op (SET ADD SUB PERCENT)) (= right expr) { $e = expressions.NewOperation($left.start.GetLine(), $left.start.GetColumn(), $left.e, $op.text, $right.e) }) (ALT (= left expr) (= op (SET MAY_IG MAYOR)) (= right expr) { $e = expressions.NewOperation($left.start.GetLine(), $left.start.GetColumn(), $left.e, $op.text, $right.e) }) (ALT (= left expr) (= op (SET MEN_IG MENOR)) (= right expr) { $e = expressions.NewOperation($left.start.GetLine(), $left.start.GetColumn(), $left.e, $op.text, $right.e) }) (ALT (= left expr) (= op (SET IG_IG DIF)) (= right expr) { $e = expressions.NewOperation($left.start.GetLine(), $left.start.GetColumn(), $left.e, $op.text, $right.e) }) (ALT (= left expr) (= op (BLOCK (ALT AND))) (= right expr) { $e = expressions.NewOperation($left.start.GetLine(), $left.start.GetColumn(), $left.e, $op.text, $right.e) }) (ALT (= left expr) (= op (BLOCK (ALT OR))) (= right expr) { $e = expressions.NewOperation($left.start.GetLine(), $left.start.GetColumn(), $left.e, $op.text, $right.e) }) (ALT NOT (= left expr)) (ALT PARIZQ expr PARDER { $e = $expr.e }) (ALT NUMBER {
        if (strings.Contains($NUMBER.text,".")){
            num,err := strconv.ParseFloat($NUMBER.text, 64);
            if err!= nil{
                fmt.Println(err)
            }
            $e = expressions.NewPrimitive($NUMBER.line,$NUMBER.pos,num,environment.FLOAT)
        }else{
            num,err := strconv.Atoi($NUMBER.text)
            if err!= nil{
                fmt.Println(err)
            }
            $e = expressions.NewPrimitive($NUMBER.line,$NUMBER.pos,num,environment.INTEGER)
        }
    }) (ALT STRING {
        str := $STRING.text
        $e = expressions.NewPrimitive($STRING.line, $STRING.pos, str[1:len(str)-1],environment.STRING)
    }) (ALT TRUE { $e = expressions.NewPrimitive($TRUE.line, $TRUE.pos, true, environment.BOOLEAN) }) (ALT FALSE { $e = expressions.NewPrimitive($FALSE.line, $FALSE.pos, false, environment.BOOLEAN) }))) (RULE type (BLOCK (ALT (SET STRINGS INTS FLOATS BOOLS CHARACTERS))))))
2023-08-11 15:26:53:865 grammar LogManager.java:25 lexer =(LEXER_GRAMMAR GrammarLexer OPTIONS (@ header {
    import "Server/Interfaces"
    import "Server/Environment"
    import "Server/Expression"
    import "Server/Instruction"
    import "strings"
}) RULES)
